# JRE version: Java(TM) SE Runtime Environment (8.0_202-b08) (build 1.8.0_202-b08)
# Java VM: Java HotSpot(TM) 64-Bit Server VM (25.202-b08 mixed mode linux-amd64 compressed oops)
Heap:
 PSYoungGen      total 387584K, used 238409K [0x00000000e1980000, 0x0000000100000000, 0x0000000100000000)
  eden space 369152K, 59% used [0x00000000e1980000,0x00000000ef052e28,0x00000000f8200000)
  from space 18432K, 99% used [0x00000000f8200000,0x00000000f93ff750,0x00000000f9400000)
  to   space 22016K, 0% used [0x00000000fea80000,0x00000000fea80000,0x0000000100000000)
 ParOldGen       total 90624K, used 40123K [0x00000000a4c00000, 0x00000000aa480000, 0x00000000e1980000)
  object space 90624K, 44% used [0x00000000a4c00000,0x00000000a732ed10,0x00000000aa480000)
 Metaspace       used 75223K, capacity 78777K, committed 78936K, reserved 1118208K
  class space    used 10454K, capacity 11074K, committed 11096K, reserved 1048576K
GC Heap History (10 events):
Event: 11.275 GC heap before
{Heap before GC invocations=12 (full 2):
 PSYoungGen      total 273408K, used 10216K [0x00000000e1980000, 0x00000000f4800000, 0x0000000100000000)
  eden space 263168K, 0% used [0x00000000e1980000,0x00000000e1980000,0x00000000f1a80000)
  from space 10240K, 99% used [0x00000000f2880000,0x00000000f327a010,0x00000000f3280000)
  to   space 14336K, 0% used [0x00000000f1a80000,0x00000000f1a80000,0x00000000f2880000)
 ParOldGen       total 40960K, used 18678K [0x00000000a4c00000, 0x00000000a7400000, 0x00000000e1980000)
  object space 40960K, 45% used [0x00000000a4c00000,0x00000000a5e3d880,0x00000000a7400000)
 Metaspace       used 33663K, capacity 35383K, committed 35456K, reserved 1079296K
  class space    used 4579K, capacity 4940K, committed 4992K, reserved 1048576K
Event: 11.361 GC heap after
Heap after GC invocations=12 (full 2):
 PSYoungGen      total 273408K, used 0K [0x00000000e1980000, 0x00000000f4800000, 0x0000000100000000)
  eden space 263168K, 0% used [0x00000000e1980000,0x00000000e1980000,0x00000000f1a80000)
  from space 10240K, 0% used [0x00000000f2880000,0x00000000f2880000,0x00000000f3280000)
  to   space 14336K, 0% used [0x00000000f1a80000,0x00000000f1a80000,0x00000000f2880000)
 ParOldGen       total 63488K, used 22772K [0x00000000a4c00000, 0x00000000a8a00000, 0x00000000e1980000)
  object space 63488K, 35% used [0x00000000a4c00000,0x00000000a623d0a8,0x00000000a8a00000)
 Metaspace       used 33663K, capacity 35383K, committed 35456K, reserved 1079296K
  class space    used 4579K, capacity 4940K, committed 4992K, reserved 1048576K
}
Event: 13.231 GC heap before
{Heap before GC invocations=13 (full 2):
 PSYoungGen      total 273408K, used 263168K [0x00000000e1980000, 0x00000000f4800000, 0x0000000100000000)
  eden space 263168K, 100% used [0x00000000e1980000,0x00000000f1a80000,0x00000000f1a80000)
  from space 10240K, 0% used [0x00000000f2880000,0x00000000f2880000,0x00000000f3280000)
  to   space 14336K, 0% used [0x00000000f1a80000,0x00000000f1a80000,0x00000000f2880000)
 ParOldGen       total 63488K, used 22772K [0x00000000a4c00000, 0x00000000a8a00000, 0x00000000e1980000)
  object space 63488K, 35% used [0x00000000a4c00000,0x00000000a623d0a8,0x00000000a8a00000)
 Metaspace       used 44765K, capacity 46731K, committed 46976K, reserved 1089536K
  class space    used 6114K, capacity 6516K, committed 6528K, reserved 1048576K
Event: 13.248 GC heap after
Heap after GC invocations=13 (full 2):
 PSYoungGen      total 277504K, used 14326K [0x00000000e1980000, 0x00000000fa480000, 0x0000000100000000)
  eden space 263168K, 0% used [0x00000000e1980000,0x00000000e1980000,0x00000000f1a80000)
  from space 14336K, 99% used [0x00000000f1a80000,0x00000000f287da50,0x00000000f2880000)
  to   space 16896K, 0% used [0x00000000f9400000,0x00000000f9400000,0x00000000fa480000)
 ParOldGen       total 63488K, used 24720K [0x00000000a4c00000, 0x00000000a8a00000, 0x00000000e1980000)
  object space 63488K, 38% used [0x00000000a4c00000,0x00000000a64243e8,0x00000000a8a00000)
 Metaspace       used 44765K, capacity 46731K, committed 46976K, reserved 1089536K
  class space    used 6114K, capacity 6516K, committed 6528K, reserved 1048576K
}
Event: 15.096 GC heap before
{Heap before GC invocations=14 (full 2):
 PSYoungGen      total 277504K, used 190153K [0x00000000e1980000, 0x00000000fa480000, 0x0000000100000000)
  eden space 263168K, 66% used [0x00000000e1980000,0x00000000ec534c00,0x00000000f1a80000)
  from space 14336K, 99% used [0x00000000f1a80000,0x00000000f287da50,0x00000000f2880000)
  to   space 16896K, 0% used [0x00000000f9400000,0x00000000f9400000,0x00000000fa480000)
 ParOldGen       total 63488K, used 24720K [0x00000000a4c00000, 0x00000000a8a00000, 0x00000000e1980000)
  object space 63488K, 38% used [0x00000000a4c00000,0x00000000a64243e8,0x00000000a8a00000)
 Metaspace       used 56311K, capacity 59009K, committed 59096K, reserved 1099776K
  class space    used 7829K, capacity 8323K, committed 8408K, reserved 1048576K
Event: 15.155 GC heap after
Heap after GC invocations=14 (full 2):
 PSYoungGen      total 386048K, used 14658K [0x00000000e1980000, 0x00000000faa00000, 0x0000000100000000)
  eden space 369152K, 0% used [0x00000000e1980000,0x00000000e1980000,0x00000000f8200000)
  from space 16896K, 86% used [0x00000000f9400000,0x00000000fa250b28,0x00000000fa480000)
  to   space 18432K, 0% used [0x00000000f8200000,0x00000000f8200000,0x00000000f9400000)
 ParOldGen       total 63488K, used 32368K [0x00000000a4c00000, 0x00000000a8a00000, 0x00000000e1980000)
  object space 63488K, 50% used [0x00000000a4c00000,0x00000000a6b9c268,0x00000000a8a00000)
 Metaspace       used 56311K, capacity 59009K, committed 59096K, reserved 1099776K
  class space    used 7829K, capacity 8323K, committed 8408K, reserved 1048576K
}
Event: 15.155 GC heap before
{Heap before GC invocations=15 (full 3):
 PSYoungGen      total 386048K, used 14658K [0x00000000e1980000, 0x00000000faa00000, 0x0000000100000000)
  eden space 369152K, 0% used [0x00000000e1980000,0x00000000e1980000,0x00000000f8200000)
  from space 16896K, 86% used [0x00000000f9400000,0x00000000fa250b28,0x00000000fa480000)
  to   space 18432K, 0% used [0x00000000f8200000,0x00000000f8200000,0x00000000f9400000)
 ParOldGen       total 63488K, used 32368K [0x00000000a4c00000, 0x00000000a8a00000, 0x00000000e1980000)
  object space 63488K, 50% used [0x00000000a4c00000,0x00000000a6b9c268,0x00000000a8a00000)
 Metaspace       used 56311K, capacity 59009K, committed 59096K, reserved 1099776K
  class space    used 7829K, capacity 8323K, committed 8408K, reserved 1048576K
Event: 15.317 GC heap after
Heap after GC invocations=15 (full 3):
 PSYoungGen      total 386048K, used 0K [0x00000000e1980000, 0x00000000faa00000, 0x0000000100000000)
  eden space 369152K, 0% used [0x00000000e1980000,0x00000000e1980000,0x00000000f8200000)
  from space 16896K, 0% used [0x00000000f9400000,0x00000000f9400000,0x00000000fa480000)
  to   space 18432K, 0% used [0x00000000f8200000,0x00000000f8200000,0x00000000f9400000)
 ParOldGen       total 90624K, used 38561K [0x00000000a4c00000, 0x00000000aa480000, 0x00000000e1980000)
  object space 90624K, 42% used [0x00000000a4c00000,0x00000000a71a85d0,0x00000000aa480000)
 Metaspace       used 56307K, capacity 59003K, committed 59096K, reserved 1099776K
  class space    used 7829K, capacity 8322K, committed 8408K, reserved 1048576K
}
Event: 58.212 GC heap before
{Heap before GC invocations=16 (full 3):
 PSYoungGen      total 386048K, used 369152K [0x00000000e1980000, 0x00000000faa00000, 0x0000000100000000)
  eden space 369152K, 100% used [0x00000000e1980000,0x00000000f8200000,0x00000000f8200000)
  from space 16896K, 0% used [0x00000000f9400000,0x00000000f9400000,0x00000000fa480000)
  to   space 18432K, 0% used [0x00000000f8200000,0x00000000f8200000,0x00000000f9400000)
 ParOldGen       total 90624K, used 38561K [0x00000000a4c00000, 0x00000000aa480000, 0x00000000e1980000)
  object space 90624K, 42% used [0x00000000a4c00000,0x00000000a71a85d0,0x00000000aa480000)
 Metaspace       used 68975K, capacity 72247K, committed 72536K, reserved 1112064K
  class space    used 9698K, capacity 10297K, committed 10328K, reserved 1048576K
Event: 58.254 GC heap after
Heap after GC invocations=16 (full 3):
 PSYoungGen      total 387584K, used 18429K [0x00000000e1980000, 0x0000000100000000, 0x0000000100000000)
  eden space 369152K, 0% used [0x00000000e1980000,0x00000000e1980000,0x00000000f8200000)
  from space 18432K, 99% used [0x00000000f8200000,0x00000000f93ff750,0x00000000f9400000)
  to   space 22016K, 0% used [0x00000000fea80000,0x00000000fea80000,0x0000000100000000)
 ParOldGen       total 90624K, used 40123K [0x00000000a4c00000, 0x00000000aa480000, 0x00000000e1980000)
  object space 90624K, 44% used [0x00000000a4c00000,0x00000000a732ed10,0x00000000aa480000)
 Metaspace       used 68975K, capacity 72247K, committed 72536K, reserved 1112064K
  class space    used 9698K, capacity 10297K, committed 10328K, reserved 1048576K
}

